<?xml version="1.0" encoding="UTF-8"?>
<coverage generated="1524574468598" clover="3.2.0">
  <project timestamp="1524574468598" name="All files">
    <metrics statements="235" coveredstatements="71" conditionals="84" coveredconditionals="18" methods="76" coveredmethods="14" elements="395" coveredelements="103" complexity="0" loc="235" ncloc="235" packages="9" files="13" classes="13">
      <package name="client.app.components">
        <metrics statements="10" coveredstatements="7" conditionals="6" coveredconditionals="3" methods="1" coveredmethods="1"/>
        <file name="NavBar.js" path="C:\Users\User\Desktop\NiamhProject2\NiamhProject2\NiamhProject\NiamhProject\client\app\components\NavBar.js">
          <metrics statements="10" coveredstatements="7" conditionals="6" coveredconditionals="3" methods="1" coveredmethods="1"/>
          <line num="12" count="1" type="stmt"/>
          <line num="21" count="1" type="stmt"/>
          <line num="22" count="1" type="stmt"/>
          <line num="24" count="1" type="cond" truecount="1" falsecount="1"/>
          <line num="25" count="0" type="stmt"/>
          <line num="27" count="1" type="cond" truecount="1" falsecount="1"/>
          <line num="28" count="0" type="stmt"/>
          <line num="30" count="1" type="cond" truecount="1" falsecount="1"/>
          <line num="31" count="0" type="stmt"/>
          <line num="32" count="1" type="stmt"/>
        </file>
      </package>
      <package name="client.app.components.AccountHomePage">
        <metrics statements="42" coveredstatements="0" conditionals="12" coveredconditionals="0" methods="19" coveredmethods="0"/>
        <file name="ItemService.js" path="C:\Users\User\Desktop\NiamhProject2\NiamhProject2\NiamhProject\NiamhProject\client\app\components\AccountHomePage\ItemService.js">
          <metrics statements="10" coveredstatements="0" conditionals="0" coveredconditionals="0" methods="7" coveredmethods="0"/>
          <line num="6" count="0" type="stmt"/>
          <line num="10" count="0" type="stmt"/>
          <line num="12" count="0" type="stmt"/>
          <line num="15" count="0" type="stmt"/>
          <line num="23" count="0" type="stmt"/>
          <line num="28" count="0" type="stmt"/>
          <line num="30" count="0" type="stmt"/>
          <line num="31" count="0" type="stmt"/>
          <line num="33" count="0" type="stmt"/>
          <line num="36" count="0" type="stmt"/>
        </file>
        <file name="MyAccountPage.js" path="C:\Users\User\Desktop\NiamhProject2\NiamhProject2\NiamhProject\NiamhProject\client\app\components\AccountHomePage\MyAccountPage.js">
          <metrics statements="25" coveredstatements="0" conditionals="12" coveredconditionals="0" methods="9" coveredmethods="0"/>
          <line num="10" count="0" type="stmt"/>
          <line num="11" count="0" type="stmt"/>
          <line num="19" count="0" type="stmt"/>
          <line num="20" count="0" type="stmt"/>
          <line num="22" count="0" type="stmt"/>
          <line num="27" count="0" type="stmt"/>
          <line num="30" count="0" type="stmt"/>
          <line num="32" count="0" type="stmt"/>
          <line num="33" count="0" type="cond" truecount="0" falsecount="4"/>
          <line num="34" count="0" type="stmt"/>
          <line num="36" count="0" type="stmt"/>
          <line num="37" count="0" type="stmt"/>
          <line num="39" count="0" type="cond" truecount="0" falsecount="2"/>
          <line num="40" count="0" type="stmt"/>
          <line num="45" count="0" type="stmt"/>
          <line num="51" count="0" type="stmt"/>
          <line num="58" count="0" type="cond" truecount="0" falsecount="2"/>
          <line num="59" count="0" type="stmt"/>
          <line num="60" count="0" type="stmt"/>
          <line num="71" count="0" type="stmt"/>
          <line num="73" count="0" type="stmt"/>
          <line num="83" count="0" type="cond" truecount="0" falsecount="2"/>
          <line num="84" count="0" type="stmt"/>
          <line num="91" count="0" type="cond" truecount="0" falsecount="2"/>
          <line num="92" count="0" type="stmt"/>
        </file>
        <file name="TableRow.js" path="C:\Users\User\Desktop\NiamhProject2\NiamhProject2\NiamhProject\NiamhProject\client\app\components\AccountHomePage\TableRow.js">
          <metrics statements="7" coveredstatements="0" conditionals="0" coveredconditionals="0" methods="3" coveredmethods="0"/>
          <line num="9" count="0" type="stmt"/>
          <line num="10" count="0" type="stmt"/>
          <line num="14" count="0" type="stmt"/>
          <line num="15" count="0" type="stmt"/>
          <line num="19" count="0" type="stmt"/>
          <line num="21" count="0" type="stmt"/>
          <line num="25" count="0" type="stmt"/>
        </file>
      </package>
      <package name="client.app.components.Contact">
        <metrics statements="33" coveredstatements="16" conditionals="12" coveredconditionals="4" methods="12" coveredmethods="3"/>
        <file name="Contact.js" path="C:\Users\User\Desktop\NiamhProject2\NiamhProject2\NiamhProject\NiamhProject\client\app\components\Contact\Contact.js">
          <metrics statements="33" coveredstatements="16" conditionals="12" coveredconditionals="4" methods="12" coveredmethods="3"/>
          <line num="12" count="1" type="stmt"/>
          <line num="13" count="1" type="stmt"/>
          <line num="22" count="1" type="stmt"/>
          <line num="23" count="1" type="stmt"/>
          <line num="24" count="1" type="stmt"/>
          <line num="25" count="1" type="stmt"/>
          <line num="28" count="1" type="stmt"/>
          <line num="33" count="0" type="stmt"/>
          <line num="38" count="0" type="stmt"/>
          <line num="43" count="0" type="stmt"/>
          <line num="48" count="0" type="stmt"/>
          <line num="63" count="0" type="stmt"/>
          <line num="65" count="0" type="stmt"/>
          <line num="76" count="0" type="stmt"/>
          <line num="78" count="0" type="cond" truecount="0" falsecount="2"/>
          <line num="79" count="0" type="stmt"/>
          <line num="85" count="0" type="stmt"/>
          <line num="95" count="1" type="stmt"/>
          <line num="96" count="1" type="cond" truecount="2" falsecount="2"/>
          <line num="97" count="0" type="stmt"/>
          <line num="99" count="0" type="stmt"/>
          <line num="100" count="0" type="stmt"/>
          <line num="102" count="0" type="cond" truecount="0" falsecount="2"/>
          <line num="103" count="0" type="stmt"/>
          <line num="108" count="0" type="stmt"/>
          <line num="114" count="1" type="stmt"/>
          <line num="130" count="2" type="stmt"/>
          <line num="132" count="2" type="stmt"/>
          <line num="141" count="2" type="stmt"/>
          <line num="150" count="2" type="cond" truecount="1" falsecount="1"/>
          <line num="151" count="0" type="stmt"/>
          <line num="208" count="2" type="cond" truecount="1" falsecount="1"/>
          <line num="209" count="2" type="stmt"/>
        </file>
      </package>
      <package name="client.app.components.CreateLesson">
        <metrics statements="57" coveredstatements="17" conditionals="14" coveredconditionals="3" methods="15" coveredmethods="3"/>
        <file name="CreatLesson.js" path="C:\Users\User\Desktop\NiamhProject2\NiamhProject2\NiamhProject\NiamhProject\client\app\components\CreateLesson\CreatLesson.js">
          <metrics statements="57" coveredstatements="17" conditionals="14" coveredconditionals="3" methods="15" coveredmethods="3"/>
          <line num="13" count="1" type="stmt"/>
          <line num="14" count="1" type="stmt"/>
          <line num="25" count="1" type="stmt"/>
          <line num="26" count="1" type="stmt"/>
          <line num="27" count="1" type="stmt"/>
          <line num="28" count="1" type="stmt"/>
          <line num="29" count="1" type="stmt"/>
          <line num="30" count="1" type="stmt"/>
          <line num="34" count="1" type="stmt"/>
          <line num="40" count="1" type="stmt"/>
          <line num="41" count="1" type="cond" truecount="2" falsecount="2"/>
          <line num="42" count="0" type="stmt"/>
          <line num="44" count="0" type="stmt"/>
          <line num="45" count="0" type="stmt"/>
          <line num="47" count="0" type="cond" truecount="0" falsecount="2"/>
          <line num="48" count="0" type="stmt"/>
          <line num="53" count="0" type="stmt"/>
          <line num="59" count="1" type="stmt"/>
          <line num="68" count="0" type="stmt"/>
          <line num="73" count="0" type="stmt"/>
          <line num="78" count="0" type="stmt"/>
          <line num="83" count="0" type="stmt"/>
          <line num="88" count="0" type="stmt"/>
          <line num="93" count="0" type="stmt"/>
          <line num="107" count="0" type="stmt"/>
          <line num="109" count="0" type="stmt"/>
          <line num="110" count="0" type="stmt"/>
          <line num="115" count="0" type="stmt"/>
          <line num="117" count="0" type="stmt"/>
          <line num="119" count="0" type="stmt"/>
          <line num="121" count="0" type="stmt"/>
          <line num="123" count="0" type="stmt"/>
          <line num="125" count="0" type="stmt"/>
          <line num="127" count="0" type="stmt"/>
          <line num="130" count="0" type="stmt"/>
          <line num="131" count="0" type="stmt"/>
          <line num="133" count="0" type="stmt"/>
          <line num="134" count="0" type="stmt"/>
          <line num="135" count="0" type="stmt"/>
          <line num="136" count="0" type="stmt"/>
          <line num="137" count="0" type="stmt"/>
          <line num="138" count="0" type="stmt"/>
          <line num="141" count="0" type="stmt"/>
          <line num="145" count="0" type="stmt"/>
          <line num="147" count="0" type="cond" truecount="0" falsecount="2"/>
          <line num="148" count="0" type="stmt"/>
          <line num="153" count="0" type="cond" truecount="0" falsecount="2"/>
          <line num="154" count="0" type="stmt"/>
          <line num="156" count="0" type="stmt"/>
          <line num="160" count="0" type="stmt"/>
          <line num="178" count="2" type="stmt"/>
          <line num="181" count="2" type="stmt"/>
          <line num="196" count="2" type="stmt"/>
          <line num="198" count="2" type="cond" truecount="1" falsecount="1"/>
          <line num="199" count="2" type="stmt"/>
          <line num="206" count="0" type="cond" truecount="0" falsecount="2"/>
          <line num="207" count="0" type="stmt"/>
        </file>
      </package>
      <package name="client.app.components.Forms">
        <metrics statements="34" coveredstatements="9" conditionals="12" coveredconditionals="1" methods="13" coveredmethods="2"/>
        <file name="EmailBox.js" path="C:\Users\User\Desktop\NiamhProject2\NiamhProject2\NiamhProject\NiamhProject\client\app\components\Forms\EmailBox.js">
          <metrics statements="19" coveredstatements="5" conditionals="8" coveredconditionals="1" methods="5" coveredmethods="2"/>
          <line num="11" count="1" type="stmt"/>
          <line num="14" count="1" type="stmt"/>
          <line num="18" count="0" type="cond" truecount="0" falsecount="2"/>
          <line num="19" count="0" type="stmt"/>
          <line num="22" count="0" type="stmt"/>
          <line num="28" count="0" type="cond" truecount="0" falsecount="2"/>
          <line num="29" count="0" type="stmt"/>
          <line num="30" count="0" type="stmt"/>
          <line num="33" count="0" type="cond" truecount="0" falsecount="2"/>
          <line num="34" count="0" type="stmt"/>
          <line num="35" count="0" type="stmt"/>
          <line num="40" count="0" type="stmt"/>
          <line num="46" count="0" type="stmt"/>
          <line num="47" count="0" type="stmt"/>
          <line num="52" count="0" type="stmt"/>
          <line num="53" count="0" type="stmt"/>
          <line num="57" count="1" type="stmt"/>
          <line num="61" count="1" type="stmt"/>
          <line num="68" count="1" type="stmt"/>
        </file>
        <file name="EmailField.js" path="C:\Users\User\Desktop\NiamhProject2\NiamhProject2\NiamhProject\NiamhProject\client\app\components\Forms\EmailField.js">
          <metrics statements="8" coveredstatements="1" conditionals="4" coveredconditionals="0" methods="4" coveredmethods="0"/>
          <line num="6" count="1" type="stmt"/>
          <line num="9" count="0" type="stmt"/>
          <line num="16" count="0" type="cond" truecount="0" falsecount="2"/>
          <line num="17" count="0" type="stmt"/>
          <line num="22" count="0" type="stmt"/>
          <line num="30" count="0" type="stmt"/>
          <line num="37" count="0" type="cond" truecount="0" falsecount="2"/>
          <line num="38" count="0" type="stmt"/>
        </file>
        <file name="NameField.js" path="C:\Users\User\Desktop\NiamhProject2\NiamhProject2\NiamhProject\NiamhProject\client\app\components\Forms\NameField.js">
          <metrics statements="7" coveredstatements="3" conditionals="0" coveredconditionals="0" methods="4" coveredmethods="0"/>
          <line num="3" count="1" type="stmt"/>
          <line num="4" count="1" type="stmt"/>
          <line num="6" count="1" type="stmt"/>
          <line num="9" count="0" type="stmt"/>
          <line num="15" count="0" type="stmt"/>
          <line num="21" count="0" type="stmt"/>
          <line num="27" count="0" type="stmt"/>
        </file>
      </package>
      <package name="client.app.components.Home">
        <metrics statements="3" coveredstatements="3" conditionals="0" coveredconditionals="0" methods="1" coveredmethods="1"/>
        <file name="Home.js" path="C:\Users\User\Desktop\NiamhProject2\NiamhProject2\NiamhProject\NiamhProject\client\app\components\Home\Home.js">
          <metrics statements="3" coveredstatements="3" conditionals="0" coveredconditionals="0" methods="1" coveredmethods="1"/>
          <line num="10" count="1" type="stmt"/>
          <line num="19" count="1" type="stmt"/>
          <line num="23" count="1" type="stmt"/>
        </file>
      </package>
      <package name="client.app.components.Login">
        <metrics statements="42" coveredstatements="14" conditionals="22" coveredconditionals="6" methods="13" coveredmethods="3"/>
        <file name="Login.js" path="C:\Users\User\Desktop\NiamhProject2\NiamhProject2\NiamhProject\NiamhProject\client\app\components\Login\Login.js">
          <metrics statements="42" coveredstatements="14" conditionals="22" coveredconditionals="6" methods="13" coveredmethods="3"/>
          <line num="13" count="5" type="stmt"/>
          <line num="14" count="5" type="stmt"/>
          <line num="21" count="5" type="stmt"/>
          <line num="22" count="5" type="stmt"/>
          <line num="23" count="5" type="stmt"/>
          <line num="24" count="5" type="stmt"/>
          <line num="30" count="5" type="stmt"/>
          <line num="31" count="5" type="stmt"/>
          <line num="32" count="5" type="cond" truecount="2" falsecount="2"/>
          <line num="33" count="0" type="stmt"/>
          <line num="35" count="0" type="stmt"/>
          <line num="36" count="0" type="stmt"/>
          <line num="38" count="0" type="cond" truecount="0" falsecount="2"/>
          <line num="39" count="0" type="stmt"/>
          <line num="44" count="0" type="stmt"/>
          <line num="50" count="5" type="stmt"/>
          <line num="58" count="0" type="stmt"/>
          <line num="63" count="0" type="stmt"/>
          <line num="76" count="0" type="stmt"/>
          <line num="77" count="0" type="stmt"/>
          <line num="80" count="0" type="stmt"/>
          <line num="89" count="0" type="stmt"/>
          <line num="91" count="0" type="cond" truecount="0" falsecount="2"/>
          <line num="92" count="0" type="stmt"/>
          <line num="93" count="0" type="stmt"/>
          <line num="94" count="0" type="stmt"/>
          <line num="107" count="0" type="stmt"/>
          <line num="110" count="0" type="stmt"/>
          <line num="111" count="0" type="cond" truecount="0" falsecount="4"/>
          <line num="112" count="0" type="stmt"/>
          <line num="114" count="0" type="stmt"/>
          <line num="115" count="0" type="stmt"/>
          <line num="117" count="0" type="cond" truecount="0" falsecount="2"/>
          <line num="118" count="0" type="stmt"/>
          <line num="123" count="0" type="stmt"/>
          <line num="129" count="0" type="stmt"/>
          <line num="145" count="10" type="stmt"/>
          <line num="147" count="10" type="cond" truecount="1" falsecount="1"/>
          <line num="148" count="0" type="stmt"/>
          <line num="150" count="10" type="cond" truecount="1" falsecount="1"/>
          <line num="151" count="10" type="stmt"/>
          <line num="196" count="0" type="stmt"/>
        </file>
      </package>
      <package name="client.app.utils">
        <metrics statements="13" coveredstatements="4" conditionals="6" coveredconditionals="1" methods="2" coveredmethods="1"/>
        <file name="storage.js" path="C:\Users\User\Desktop\NiamhProject2\NiamhProject2\NiamhProject\NiamhProject\client\app\utils\storage.js">
          <metrics statements="13" coveredstatements="4" conditionals="6" coveredconditionals="1" methods="2" coveredmethods="1"/>
          <line num="2" count="7" type="cond" truecount="1" falsecount="1"/>
          <line num="3" count="0" type="stmt"/>
          <line num="6" count="7" type="stmt"/>
          <line num="7" count="7" type="stmt"/>
          <line num="8" count="0" type="cond" truecount="0" falsecount="2"/>
          <line num="9" count="0" type="stmt"/>
          <line num="11" count="0" type="stmt"/>
          <line num="15" count="7" type="stmt"/>
          <line num="20" count="0" type="cond" truecount="0" falsecount="2"/>
          <line num="21" count="0" type="stmt"/>
          <line num="23" count="0" type="stmt"/>
          <line num="24" count="0" type="stmt"/>
          <line num="26" count="0" type="stmt"/>
        </file>
      </package>
      <package name="config">
        <metrics statements="1" coveredstatements="1" conditionals="0" coveredconditionals="0" methods="0" coveredmethods="0"/>
        <file name="setupTests.js" path="C:\Users\User\Desktop\NiamhProject2\NiamhProject2\NiamhProject\NiamhProject\config\setupTests.js">
          <metrics statements="1" coveredstatements="1" conditionals="0" coveredconditionals="0" methods="0" coveredmethods="0"/>
          <line num="4" count="8" type="stmt"/>
        </file>
      </package>
    </metrics>
  </project>
</coverage>
