{"C:\\Users\\User\\Desktop\\NiamhProject2\\NiamhProject2\\NiamhProject\\NiamhProject\\client\\app\\components\\NavBar.js": {"path":"C:\\Users\\User\\Desktop\\NiamhProject2\\NiamhProject2\\NiamhProject\\NiamhProject\\client\\app\\components\\NavBar.js","statementMap":{"0":{"start":{"line":12,"column":19},"end":{"line":17,"column":5}},"1":{"start":{"line":21,"column":21},"end":{"line":21,"column":23}},"2":{"start":{"line":22,"column":20},"end":{"line":22,"column":22}},"3":{"start":{"line":24,"column":4},"end":{"line":25,"column":47}},"4":{"start":{"line":25,"column":6},"end":{"line":25,"column":47}},"5":{"start":{"line":27,"column":4},"end":{"line":28,"column":47}},"6":{"start":{"line":28,"column":6},"end":{"line":28,"column":47}},"7":{"start":{"line":30,"column":4},"end":{"line":31,"column":45}},"8":{"start":{"line":31,"column":6},"end":{"line":31,"column":45}},"9":{"start":{"line":32,"column":4},"end":{"line":55,"column":6}}},"fnMap":{"0":{"name":"(anonymous_0)","decl":{"start":{"line":9,"column":2},"end":{"line":9,"column":3}},"loc":{"start":{"line":9,"column":11},"end":{"line":56,"column":3}},"line":9}},"branchMap":{"0":{"loc":{"start":{"line":24,"column":4},"end":{"line":25,"column":47}},"type":"if","locations":[{"start":{"line":24,"column":4},"end":{"line":25,"column":47}},{"start":{"line":24,"column":4},"end":{"line":25,"column":47}}],"line":24},"1":{"loc":{"start":{"line":27,"column":4},"end":{"line":28,"column":47}},"type":"if","locations":[{"start":{"line":27,"column":4},"end":{"line":28,"column":47}},{"start":{"line":27,"column":4},"end":{"line":28,"column":47}}],"line":27},"2":{"loc":{"start":{"line":30,"column":4},"end":{"line":31,"column":45}},"type":"if","locations":[{"start":{"line":30,"column":4},"end":{"line":31,"column":45}},{"start":{"line":30,"column":4},"end":{"line":31,"column":45}}],"line":30}},"s":{"0":1,"1":1,"2":1,"3":1,"4":0,"5":1,"6":0,"7":1,"8":0,"9":1},"f":{"0":1},"b":{"0":[0,1],"1":[0,1],"2":[0,1]},"_coverageSchema":"332fd63041d2c1bcb487cc26dd0d5f7d97098a6c","hash":"c4feb9483e87f28158b5c966a86b30876cb70d01"}
,"C:\\Users\\User\\Desktop\\NiamhProject2\\NiamhProject2\\NiamhProject\\NiamhProject\\client\\app\\components\\AccountHomePage\\ItemService.js": {"path":"C:\\Users\\User\\Desktop\\NiamhProject2\\NiamhProject2\\NiamhProject\\NiamhProject\\client\\app\\components\\AccountHomePage\\ItemService.js","statementMap":{"0":{"start":{"line":6,"column":8},"end":{"line":24,"column":10}},"1":{"start":{"line":10,"column":10},"end":{"line":10,"column":47}},"2":{"start":{"line":12,"column":10},"end":{"line":12,"column":35}},"3":{"start":{"line":15,"column":12},"end":{"line":18,"column":14}},"4":{"start":{"line":23,"column":12},"end":{"line":23,"column":30}},"5":{"start":{"line":28,"column":8},"end":{"line":37,"column":10}},"6":{"start":{"line":30,"column":12},"end":{"line":30,"column":35}},"7":{"start":{"line":31,"column":10},"end":{"line":31,"column":48}},"8":{"start":{"line":33,"column":10},"end":{"line":33,"column":35}},"9":{"start":{"line":36,"column":12},"end":{"line":36,"column":30}}},"fnMap":{"0":{"name":"(anonymous_0)","decl":{"start":{"line":5,"column":4},"end":{"line":5,"column":5}},"loc":{"start":{"line":5,"column":25},"end":{"line":25,"column":5}},"line":5},"1":{"name":"(anonymous_1)","decl":{"start":{"line":8,"column":16},"end":{"line":8,"column":17}},"loc":{"start":{"line":8,"column":22},"end":{"line":13,"column":9}},"line":8},"2":{"name":"(anonymous_2)","decl":{"start":{"line":14,"column":14},"end":{"line":14,"column":15}},"loc":{"start":{"line":14,"column":28},"end":{"line":21,"column":9}},"line":14},"3":{"name":"(anonymous_3)","decl":{"start":{"line":22,"column":15},"end":{"line":22,"column":16}},"loc":{"start":{"line":22,"column":26},"end":{"line":24,"column":9}},"line":22},"4":{"name":"(anonymous_4)","decl":{"start":{"line":27,"column":4},"end":{"line":27,"column":5}},"loc":{"start":{"line":27,"column":19},"end":{"line":38,"column":5}},"line":27},"5":{"name":"(anonymous_5)","decl":{"start":{"line":29,"column":14},"end":{"line":29,"column":15}},"loc":{"start":{"line":29,"column":20},"end":{"line":34,"column":9}},"line":29},"6":{"name":"(anonymous_6)","decl":{"start":{"line":35,"column":15},"end":{"line":35,"column":16}},"loc":{"start":{"line":35,"column":26},"end":{"line":37,"column":9}},"line":35}},"branchMap":{},"s":{"0":0,"1":0,"2":0,"3":0,"4":0,"5":0,"6":0,"7":0,"8":0,"9":0},"f":{"0":0,"1":0,"2":0,"3":0,"4":0,"5":0,"6":0},"b":{},"_coverageSchema":"332fd63041d2c1bcb487cc26dd0d5f7d97098a6c","hash":"eb642c94af282961bdbbf5fe187629acfbbf7d05"}
,"C:\\Users\\User\\Desktop\\NiamhProject2\\NiamhProject2\\NiamhProject\\NiamhProject\\client\\app\\components\\AccountHomePage\\MyAccountPage.js": {"path":"C:\\Users\\User\\Desktop\\NiamhProject2\\NiamhProject2\\NiamhProject\\NiamhProject\\client\\app\\components\\AccountHomePage\\MyAccountPage.js","statementMap":{"0":{"start":{"line":10,"column":8},"end":{"line":10,"column":21}},"1":{"start":{"line":11,"column":8},"end":{"line":15,"column":9}},"2":{"start":{"line":19,"column":21},"end":{"line":19,"column":56}},"3":{"start":{"line":20,"column":8},"end":{"line":28,"column":11}},"4":{"start":{"line":22,"column":12},"end":{"line":24,"column":15}},"5":{"start":{"line":27,"column":12},"end":{"line":27,"column":31}},"6":{"start":{"line":30,"column":6},"end":{"line":30,"column":25}},"7":{"start":{"line":32,"column":18},"end":{"line":32,"column":48}},"8":{"start":{"line":33,"column":6},"end":{"line":54,"column":7}},"9":{"start":{"line":34,"column":24},"end":{"line":34,"column":27}},"10":{"start":{"line":36,"column":8},"end":{"line":49,"column":13}},"11":{"start":{"line":37,"column":23},"end":{"line":37,"column":33}},"12":{"start":{"line":39,"column":12},"end":{"line":48,"column":13}},"13":{"start":{"line":40,"column":14},"end":{"line":43,"column":17}},"14":{"start":{"line":45,"column":14},"end":{"line":47,"column":17}},"15":{"start":{"line":51,"column":8},"end":{"line":53,"column":11}},"16":{"start":{"line":58,"column":8},"end":{"line":62,"column":9}},"17":{"start":{"line":59,"column":12},"end":{"line":61,"column":14}},"18":{"start":{"line":60,"column":16},"end":{"line":60,"column":56}},"19":{"start":{"line":71,"column":10},"end":{"line":71,"column":20}},"20":{"start":{"line":73,"column":22},"end":{"line":81,"column":7}},"21":{"start":{"line":83,"column":6},"end":{"line":90,"column":7}},"22":{"start":{"line":84,"column":8},"end":{"line":88,"column":10}},"23":{"start":{"line":91,"column":2},"end":{"line":165,"column":3}},"24":{"start":{"line":92,"column":4},"end":{"line":164,"column":6}}},"fnMap":{"0":{"name":"(anonymous_0)","decl":{"start":{"line":9,"column":4},"end":{"line":9,"column":5}},"loc":{"start":{"line":9,"column":23},"end":{"line":16,"column":5}},"line":9},"1":{"name":"(anonymous_1)","decl":{"start":{"line":18,"column":4},"end":{"line":18,"column":5}},"loc":{"start":{"line":18,"column":27},"end":{"line":55,"column":5}},"line":18},"2":{"name":"(anonymous_2)","decl":{"start":{"line":21,"column":14},"end":{"line":21,"column":15}},"loc":{"start":{"line":21,"column":28},"end":{"line":25,"column":9}},"line":21},"3":{"name":"(anonymous_3)","decl":{"start":{"line":26,"column":15},"end":{"line":26,"column":16}},"loc":{"start":{"line":26,"column":26},"end":{"line":28,"column":9}},"line":26},"4":{"name":"(anonymous_4)","decl":{"start":{"line":37,"column":16},"end":{"line":37,"column":17}},"loc":{"start":{"line":37,"column":23},"end":{"line":37,"column":33}},"line":37},"5":{"name":"(anonymous_5)","decl":{"start":{"line":38,"column":16},"end":{"line":38,"column":17}},"loc":{"start":{"line":38,"column":23},"end":{"line":49,"column":11}},"line":38},"6":{"name":"(anonymous_6)","decl":{"start":{"line":57,"column":4},"end":{"line":57,"column":5}},"loc":{"start":{"line":57,"column":16},"end":{"line":63,"column":5}},"line":57},"7":{"name":"(anonymous_7)","decl":{"start":{"line":59,"column":40},"end":{"line":59,"column":41}},"loc":{"start":{"line":59,"column":55},"end":{"line":61,"column":13}},"line":59},"8":{"name":"(anonymous_8)","decl":{"start":{"line":65,"column":4},"end":{"line":65,"column":5}},"loc":{"start":{"line":65,"column":13},"end":{"line":166,"column":5}},"line":65}},"branchMap":{"0":{"loc":{"start":{"line":33,"column":6},"end":{"line":54,"column":7}},"type":"if","locations":[{"start":{"line":33,"column":6},"end":{"line":54,"column":7}},{"start":{"line":33,"column":6},"end":{"line":54,"column":7}}],"line":33},"1":{"loc":{"start":{"line":33,"column":9},"end":{"line":33,"column":25}},"type":"binary-expr","locations":[{"start":{"line":33,"column":9},"end":{"line":33,"column":12}},{"start":{"line":33,"column":16},"end":{"line":33,"column":25}}],"line":33},"2":{"loc":{"start":{"line":39,"column":12},"end":{"line":48,"column":13}},"type":"if","locations":[{"start":{"line":39,"column":12},"end":{"line":48,"column":13}},{"start":{"line":39,"column":12},"end":{"line":48,"column":13}}],"line":39},"3":{"loc":{"start":{"line":58,"column":8},"end":{"line":62,"column":9}},"type":"if","locations":[{"start":{"line":58,"column":8},"end":{"line":62,"column":9}},{"start":{"line":58,"column":8},"end":{"line":62,"column":9}}],"line":58},"4":{"loc":{"start":{"line":83,"column":6},"end":{"line":90,"column":7}},"type":"if","locations":[{"start":{"line":83,"column":6},"end":{"line":90,"column":7}},{"start":{"line":83,"column":6},"end":{"line":90,"column":7}}],"line":83},"5":{"loc":{"start":{"line":91,"column":2},"end":{"line":165,"column":3}},"type":"if","locations":[{"start":{"line":91,"column":2},"end":{"line":165,"column":3}},{"start":{"line":91,"column":2},"end":{"line":165,"column":3}}],"line":91}},"s":{"0":0,"1":0,"2":0,"3":0,"4":0,"5":0,"6":0,"7":0,"8":0,"9":0,"10":0,"11":0,"12":0,"13":0,"14":0,"15":0,"16":0,"17":0,"18":0,"19":0,"20":0,"21":0,"22":0,"23":0,"24":0},"f":{"0":0,"1":0,"2":0,"3":0,"4":0,"5":0,"6":0,"7":0,"8":0},"b":{"0":[0,0],"1":[0,0],"2":[0,0],"3":[0,0],"4":[0,0],"5":[0,0]},"_coverageSchema":"332fd63041d2c1bcb487cc26dd0d5f7d97098a6c","hash":"834c232658a563c09d84376f6925ff06a9300c1c"}
,"C:\\Users\\User\\Desktop\\NiamhProject2\\NiamhProject2\\NiamhProject\\NiamhProject\\client\\app\\components\\AccountHomePage\\TableRow.js": {"path":"C:\\Users\\User\\Desktop\\NiamhProject2\\NiamhProject2\\NiamhProject\\NiamhProject\\client\\app\\components\\AccountHomePage\\TableRow.js","statementMap":{"0":{"start":{"line":9,"column":8},"end":{"line":9,"column":21}},"1":{"start":{"line":10,"column":6},"end":{"line":13,"column":8}},"2":{"start":{"line":14,"column":8},"end":{"line":14,"column":48}},"3":{"start":{"line":15,"column":8},"end":{"line":15,"column":58}},"4":{"start":{"line":19,"column":8},"end":{"line":19,"column":31}},"5":{"start":{"line":21,"column":8},"end":{"line":21,"column":59}},"6":{"start":{"line":25,"column":8},"end":{"line":54,"column":10}}},"fnMap":{"0":{"name":"(anonymous_0)","decl":{"start":{"line":8,"column":4},"end":{"line":8,"column":5}},"loc":{"start":{"line":8,"column":23},"end":{"line":16,"column":5}},"line":8},"1":{"name":"(anonymous_1)","decl":{"start":{"line":18,"column":4},"end":{"line":18,"column":5}},"loc":{"start":{"line":18,"column":25},"end":{"line":22,"column":5}},"line":18},"2":{"name":"(anonymous_2)","decl":{"start":{"line":24,"column":4},"end":{"line":24,"column":5}},"loc":{"start":{"line":24,"column":13},"end":{"line":55,"column":5}},"line":24}},"branchMap":{},"s":{"0":0,"1":0,"2":0,"3":0,"4":0,"5":0,"6":0},"f":{"0":0,"1":0,"2":0},"b":{},"_coverageSchema":"332fd63041d2c1bcb487cc26dd0d5f7d97098a6c","hash":"9563d55d5d155591d460be29965db511d956f3b8"}
,"C:\\Users\\User\\Desktop\\NiamhProject2\\NiamhProject2\\NiamhProject\\NiamhProject\\client\\app\\components\\Contact\\Contact.js": {"path":"C:\\Users\\User\\Desktop\\NiamhProject2\\NiamhProject2\\NiamhProject\\NiamhProject\\client\\app\\components\\Contact\\Contact.js","statementMap":{"0":{"start":{"line":12,"column":4},"end":{"line":12,"column":17}},"1":{"start":{"line":13,"column":4},"end":{"line":21,"column":6}},"2":{"start":{"line":22,"column":4},"end":{"line":22,"column":81}},"3":{"start":{"line":23,"column":4},"end":{"line":23,"column":83}},"4":{"start":{"line":24,"column":4},"end":{"line":24,"column":85}},"5":{"start":{"line":25,"column":4},"end":{"line":25,"column":87}},"6":{"start":{"line":28,"column":4},"end":{"line":28,"column":53}},"7":{"start":{"line":33,"column":4},"end":{"line":35,"column":7}},"8":{"start":{"line":38,"column":4},"end":{"line":40,"column":7}},"9":{"start":{"line":43,"column":4},"end":{"line":45,"column":7}},"10":{"start":{"line":48,"column":4},"end":{"line":50,"column":7}},"11":{"start":{"line":63,"column":8},"end":{"line":63,"column":18}},"12":{"start":{"line":65,"column":4},"end":{"line":88,"column":9}},"13":{"start":{"line":76,"column":19},"end":{"line":76,"column":29}},"14":{"start":{"line":78,"column":8},"end":{"line":86,"column":9}},"15":{"start":{"line":79,"column":10},"end":{"line":84,"column":13}},"16":{"start":{"line":85,"column":10},"end":{"line":85,"column":99}},"17":{"start":{"line":95,"column":16},"end":{"line":95,"column":46}},"18":{"start":{"line":96,"column":4},"end":{"line":117,"column":5}},"19":{"start":{"line":97,"column":22},"end":{"line":97,"column":25}},"20":{"start":{"line":99,"column":6},"end":{"line":112,"column":11}},"21":{"start":{"line":100,"column":21},"end":{"line":100,"column":31}},"22":{"start":{"line":102,"column":10},"end":{"line":111,"column":11}},"23":{"start":{"line":103,"column":12},"end":{"line":106,"column":15}},"24":{"start":{"line":108,"column":12},"end":{"line":110,"column":15}},"25":{"start":{"line":114,"column":6},"end":{"line":116,"column":9}},"26":{"start":{"line":130,"column":8},"end":{"line":130,"column":18}},"27":{"start":{"line":132,"column":20},"end":{"line":140,"column":5}},"28":{"start":{"line":141,"column":19},"end":{"line":148,"column":5}},"29":{"start":{"line":150,"column":4},"end":{"line":207,"column":5}},"30":{"start":{"line":151,"column":6},"end":{"line":206,"column":8}},"31":{"start":{"line":208,"column":4},"end":{"line":215,"column":5}},"32":{"start":{"line":209,"column":6},"end":{"line":213,"column":8}}},"fnMap":{"0":{"name":"(anonymous_0)","decl":{"start":{"line":11,"column":2},"end":{"line":11,"column":3}},"loc":{"start":{"line":11,"column":21},"end":{"line":30,"column":3}},"line":11},"1":{"name":"(anonymous_1)","decl":{"start":{"line":32,"column":2},"end":{"line":32,"column":3}},"loc":{"start":{"line":32,"column":35},"end":{"line":36,"column":3}},"line":32},"2":{"name":"(anonymous_2)","decl":{"start":{"line":37,"column":2},"end":{"line":37,"column":3}},"loc":{"start":{"line":37,"column":36},"end":{"line":41,"column":3}},"line":37},"3":{"name":"(anonymous_3)","decl":{"start":{"line":42,"column":2},"end":{"line":42,"column":3}},"loc":{"start":{"line":42,"column":37},"end":{"line":46,"column":3}},"line":42},"4":{"name":"(anonymous_4)","decl":{"start":{"line":47,"column":2},"end":{"line":47,"column":3}},"loc":{"start":{"line":47,"column":38},"end":{"line":51,"column":3}},"line":47},"5":{"name":"(anonymous_5)","decl":{"start":{"line":55,"column":2},"end":{"line":55,"column":3}},"loc":{"start":{"line":55,"column":16},"end":{"line":91,"column":3}},"line":55},"6":{"name":"(anonymous_6)","decl":{"start":{"line":76,"column":12},"end":{"line":76,"column":13}},"loc":{"start":{"line":76,"column":19},"end":{"line":76,"column":29}},"line":76},"7":{"name":"(anonymous_7)","decl":{"start":{"line":77,"column":12},"end":{"line":77,"column":13}},"loc":{"start":{"line":77,"column":20},"end":{"line":88,"column":7}},"line":77},"8":{"name":"(anonymous_8)","decl":{"start":{"line":93,"column":2},"end":{"line":93,"column":3}},"loc":{"start":{"line":93,"column":22},"end":{"line":118,"column":3}},"line":93},"9":{"name":"(anonymous_9)","decl":{"start":{"line":100,"column":14},"end":{"line":100,"column":15}},"loc":{"start":{"line":100,"column":21},"end":{"line":100,"column":31}},"line":100},"10":{"name":"(anonymous_10)","decl":{"start":{"line":101,"column":14},"end":{"line":101,"column":15}},"loc":{"start":{"line":101,"column":21},"end":{"line":112,"column":9}},"line":101},"11":{"name":"(anonymous_11)","decl":{"start":{"line":121,"column":2},"end":{"line":121,"column":3}},"loc":{"start":{"line":121,"column":11},"end":{"line":217,"column":3}},"line":121}},"branchMap":{"0":{"loc":{"start":{"line":78,"column":8},"end":{"line":86,"column":9}},"type":"if","locations":[{"start":{"line":78,"column":8},"end":{"line":86,"column":9}},{"start":{"line":78,"column":8},"end":{"line":86,"column":9}}],"line":78},"1":{"loc":{"start":{"line":96,"column":4},"end":{"line":117,"column":5}},"type":"if","locations":[{"start":{"line":96,"column":4},"end":{"line":117,"column":5}},{"start":{"line":96,"column":4},"end":{"line":117,"column":5}}],"line":96},"2":{"loc":{"start":{"line":96,"column":7},"end":{"line":96,"column":23}},"type":"binary-expr","locations":[{"start":{"line":96,"column":7},"end":{"line":96,"column":10}},{"start":{"line":96,"column":14},"end":{"line":96,"column":23}}],"line":96},"3":{"loc":{"start":{"line":102,"column":10},"end":{"line":111,"column":11}},"type":"if","locations":[{"start":{"line":102,"column":10},"end":{"line":111,"column":11}},{"start":{"line":102,"column":10},"end":{"line":111,"column":11}}],"line":102},"4":{"loc":{"start":{"line":150,"column":4},"end":{"line":207,"column":5}},"type":"if","locations":[{"start":{"line":150,"column":4},"end":{"line":207,"column":5}},{"start":{"line":150,"column":4},"end":{"line":207,"column":5}}],"line":150},"5":{"loc":{"start":{"line":208,"column":4},"end":{"line":215,"column":5}},"type":"if","locations":[{"start":{"line":208,"column":4},"end":{"line":215,"column":5}},{"start":{"line":208,"column":4},"end":{"line":215,"column":5}}],"line":208}},"s":{"0":1,"1":1,"2":1,"3":1,"4":1,"5":1,"6":1,"7":0,"8":0,"9":0,"10":0,"11":0,"12":0,"13":0,"14":0,"15":0,"16":0,"17":1,"18":1,"19":0,"20":0,"21":0,"22":0,"23":0,"24":0,"25":1,"26":2,"27":2,"28":2,"29":2,"30":0,"31":2,"32":2},"f":{"0":1,"1":0,"2":0,"3":0,"4":0,"5":0,"6":0,"7":0,"8":1,"9":0,"10":0,"11":2},"b":{"0":[0,0],"1":[0,1],"2":[1,0],"3":[0,0],"4":[0,2],"5":[2,0]},"_coverageSchema":"332fd63041d2c1bcb487cc26dd0d5f7d97098a6c","hash":"7eb1a16f2623323dbf6117f0995e90abc6bd6749"}
,"C:\\Users\\User\\Desktop\\NiamhProject2\\NiamhProject2\\NiamhProject\\NiamhProject\\client\\app\\components\\CreateLesson\\CreatLesson.js": {"path":"C:\\Users\\User\\Desktop\\NiamhProject2\\NiamhProject2\\NiamhProject\\NiamhProject\\client\\app\\components\\CreateLesson\\CreatLesson.js","statementMap":{"0":{"start":{"line":13,"column":4},"end":{"line":13,"column":17}},"1":{"start":{"line":14,"column":4},"end":{"line":24,"column":6}},"2":{"start":{"line":25,"column":4},"end":{"line":25,"column":75}},"3":{"start":{"line":26,"column":4},"end":{"line":26,"column":87}},"4":{"start":{"line":27,"column":4},"end":{"line":27,"column":83}},"5":{"start":{"line":28,"column":4},"end":{"line":28,"column":75}},"6":{"start":{"line":29,"column":4},"end":{"line":29,"column":79}},"7":{"start":{"line":30,"column":4},"end":{"line":30,"column":73}},"8":{"start":{"line":34,"column":4},"end":{"line":34,"column":41}},"9":{"start":{"line":40,"column":16},"end":{"line":40,"column":46}},"10":{"start":{"line":41,"column":4},"end":{"line":62,"column":5}},"11":{"start":{"line":42,"column":22},"end":{"line":42,"column":25}},"12":{"start":{"line":44,"column":6},"end":{"line":57,"column":11}},"13":{"start":{"line":45,"column":21},"end":{"line":45,"column":31}},"14":{"start":{"line":47,"column":10},"end":{"line":56,"column":11}},"15":{"start":{"line":48,"column":12},"end":{"line":51,"column":15}},"16":{"start":{"line":53,"column":12},"end":{"line":55,"column":15}},"17":{"start":{"line":59,"column":6},"end":{"line":61,"column":9}},"18":{"start":{"line":68,"column":4},"end":{"line":70,"column":7}},"19":{"start":{"line":73,"column":4},"end":{"line":75,"column":7}},"20":{"start":{"line":78,"column":4},"end":{"line":80,"column":7}},"21":{"start":{"line":83,"column":4},"end":{"line":85,"column":7}},"22":{"start":{"line":88,"column":4},"end":{"line":90,"column":7}},"23":{"start":{"line":93,"column":4},"end":{"line":95,"column":7}},"24":{"start":{"line":107,"column":8},"end":{"line":107,"column":18}},"25":{"start":{"line":109,"column":17},"end":{"line":109,"column":52}},"26":{"start":{"line":110,"column":4},"end":{"line":112,"column":7}},"27":{"start":{"line":115,"column":29},"end":{"line":128,"column":5}},"28":{"start":{"line":117,"column":24},"end":{"line":117,"column":43}},"29":{"start":{"line":119,"column":28},"end":{"line":119,"column":70}},"30":{"start":{"line":121,"column":22},"end":{"line":121,"column":61}},"31":{"start":{"line":123,"column":23},"end":{"line":123,"column":59}},"32":{"start":{"line":125,"column":29},"end":{"line":125,"column":79}},"33":{"start":{"line":127,"column":6},"end":{"line":127,"column":27}},"34":{"start":{"line":130,"column":17},"end":{"line":130,"column":51}},"35":{"start":{"line":131,"column":21},"end":{"line":131,"column":39}},"36":{"start":{"line":133,"column":4},"end":{"line":133,"column":39}},"37":{"start":{"line":134,"column":4},"end":{"line":134,"column":51}},"38":{"start":{"line":135,"column":4},"end":{"line":135,"column":47}},"39":{"start":{"line":136,"column":4},"end":{"line":136,"column":44}},"40":{"start":{"line":137,"column":4},"end":{"line":137,"column":43}},"41":{"start":{"line":138,"column":4},"end":{"line":138,"column":34}},"42":{"start":{"line":141,"column":4},"end":{"line":161,"column":9}},"43":{"start":{"line":145,"column":19},"end":{"line":145,"column":29}},"44":{"start":{"line":147,"column":8},"end":{"line":159,"column":9}},"45":{"start":{"line":148,"column":10},"end":{"line":151,"column":13}},"46":{"start":{"line":153,"column":10},"end":{"line":157,"column":11}},"47":{"start":{"line":154,"column":12},"end":{"line":154,"column":50}},"48":{"start":{"line":156,"column":12},"end":{"line":156,"column":69}},"49":{"start":{"line":160,"column":8},"end":{"line":160,"column":58}},"50":{"start":{"line":178,"column":8},"end":{"line":178,"column":18}},"51":{"start":{"line":181,"column":20},"end":{"line":188,"column":5}},"52":{"start":{"line":196,"column":8},"end":{"line":196,"column":18}},"53":{"start":{"line":198,"column":4},"end":{"line":205,"column":5}},"54":{"start":{"line":199,"column":6},"end":{"line":203,"column":8}},"55":{"start":{"line":206,"column":4},"end":{"line":331,"column":5}},"56":{"start":{"line":207,"column":6},"end":{"line":330,"column":8}}},"fnMap":{"0":{"name":"(anonymous_0)","decl":{"start":{"line":12,"column":2},"end":{"line":12,"column":3}},"loc":{"start":{"line":12,"column":21},"end":{"line":37,"column":3}},"line":12},"1":{"name":"(anonymous_1)","decl":{"start":{"line":39,"column":2},"end":{"line":39,"column":3}},"loc":{"start":{"line":39,"column":21},"end":{"line":63,"column":3}},"line":39},"2":{"name":"(anonymous_2)","decl":{"start":{"line":45,"column":14},"end":{"line":45,"column":15}},"loc":{"start":{"line":45,"column":21},"end":{"line":45,"column":31}},"line":45},"3":{"name":"(anonymous_3)","decl":{"start":{"line":46,"column":14},"end":{"line":46,"column":15}},"loc":{"start":{"line":46,"column":21},"end":{"line":57,"column":9}},"line":46},"4":{"name":"(anonymous_4)","decl":{"start":{"line":67,"column":2},"end":{"line":67,"column":3}},"loc":{"start":{"line":67,"column":32},"end":{"line":71,"column":3}},"line":67},"5":{"name":"(anonymous_5)","decl":{"start":{"line":72,"column":2},"end":{"line":72,"column":3}},"loc":{"start":{"line":72,"column":38},"end":{"line":76,"column":3}},"line":72},"6":{"name":"(anonymous_6)","decl":{"start":{"line":77,"column":2},"end":{"line":77,"column":3}},"loc":{"start":{"line":77,"column":36},"end":{"line":81,"column":3}},"line":77},"7":{"name":"(anonymous_7)","decl":{"start":{"line":82,"column":2},"end":{"line":82,"column":3}},"loc":{"start":{"line":82,"column":32},"end":{"line":86,"column":3}},"line":82},"8":{"name":"(anonymous_8)","decl":{"start":{"line":87,"column":2},"end":{"line":87,"column":3}},"loc":{"start":{"line":87,"column":34},"end":{"line":91,"column":3}},"line":87},"9":{"name":"(anonymous_9)","decl":{"start":{"line":92,"column":2},"end":{"line":92,"column":3}},"loc":{"start":{"line":92,"column":31},"end":{"line":96,"column":3}},"line":92},"10":{"name":"(anonymous_10)","decl":{"start":{"line":98,"column":2},"end":{"line":98,"column":3}},"loc":{"start":{"line":98,"column":10},"end":{"line":163,"column":3}},"line":98},"11":{"name":"(anonymous_11)","decl":{"start":{"line":115,"column":29},"end":{"line":115,"column":30}},"loc":{"start":{"line":115,"column":35},"end":{"line":128,"column":5}},"line":115},"12":{"name":"(anonymous_12)","decl":{"start":{"line":145,"column":12},"end":{"line":145,"column":13}},"loc":{"start":{"line":145,"column":19},"end":{"line":145,"column":29}},"line":145},"13":{"name":"(anonymous_13)","decl":{"start":{"line":146,"column":12},"end":{"line":146,"column":13}},"loc":{"start":{"line":146,"column":20},"end":{"line":161,"column":7}},"line":146},"14":{"name":"(anonymous_14)","decl":{"start":{"line":172,"column":2},"end":{"line":172,"column":3}},"loc":{"start":{"line":172,"column":11},"end":{"line":332,"column":3}},"line":172}},"branchMap":{"0":{"loc":{"start":{"line":41,"column":4},"end":{"line":62,"column":5}},"type":"if","locations":[{"start":{"line":41,"column":4},"end":{"line":62,"column":5}},{"start":{"line":41,"column":4},"end":{"line":62,"column":5}}],"line":41},"1":{"loc":{"start":{"line":41,"column":7},"end":{"line":41,"column":23}},"type":"binary-expr","locations":[{"start":{"line":41,"column":7},"end":{"line":41,"column":10}},{"start":{"line":41,"column":14},"end":{"line":41,"column":23}}],"line":41},"2":{"loc":{"start":{"line":47,"column":10},"end":{"line":56,"column":11}},"type":"if","locations":[{"start":{"line":47,"column":10},"end":{"line":56,"column":11}},{"start":{"line":47,"column":10},"end":{"line":56,"column":11}}],"line":47},"3":{"loc":{"start":{"line":147,"column":8},"end":{"line":159,"column":9}},"type":"if","locations":[{"start":{"line":147,"column":8},"end":{"line":159,"column":9}},{"start":{"line":147,"column":8},"end":{"line":159,"column":9}}],"line":147},"4":{"loc":{"start":{"line":153,"column":10},"end":{"line":157,"column":11}},"type":"if","locations":[{"start":{"line":153,"column":10},"end":{"line":157,"column":11}},{"start":{"line":153,"column":10},"end":{"line":157,"column":11}}],"line":153},"5":{"loc":{"start":{"line":198,"column":4},"end":{"line":205,"column":5}},"type":"if","locations":[{"start":{"line":198,"column":4},"end":{"line":205,"column":5}},{"start":{"line":198,"column":4},"end":{"line":205,"column":5}}],"line":198},"6":{"loc":{"start":{"line":206,"column":4},"end":{"line":331,"column":5}},"type":"if","locations":[{"start":{"line":206,"column":4},"end":{"line":331,"column":5}},{"start":{"line":206,"column":4},"end":{"line":331,"column":5}}],"line":206}},"s":{"0":1,"1":1,"2":1,"3":1,"4":1,"5":1,"6":1,"7":1,"8":1,"9":1,"10":1,"11":0,"12":0,"13":0,"14":0,"15":0,"16":0,"17":1,"18":0,"19":0,"20":0,"21":0,"22":0,"23":0,"24":0,"25":0,"26":0,"27":0,"28":0,"29":0,"30":0,"31":0,"32":0,"33":0,"34":0,"35":0,"36":0,"37":0,"38":0,"39":0,"40":0,"41":0,"42":0,"43":0,"44":0,"45":0,"46":0,"47":0,"48":0,"49":0,"50":2,"51":2,"52":2,"53":2,"54":2,"55":0,"56":0},"f":{"0":1,"1":1,"2":0,"3":0,"4":0,"5":0,"6":0,"7":0,"8":0,"9":0,"10":0,"11":0,"12":0,"13":0,"14":2},"b":{"0":[0,1],"1":[1,0],"2":[0,0],"3":[0,0],"4":[0,0],"5":[2,0],"6":[0,0]},"_coverageSchema":"332fd63041d2c1bcb487cc26dd0d5f7d97098a6c","hash":"e74849c85026ecd298e50ca2f1b5edfb3315790d"}
,"C:\\Users\\User\\Desktop\\NiamhProject2\\NiamhProject2\\NiamhProject\\NiamhProject\\client\\app\\components\\Forms\\EmailBox.js": {"path":"C:\\Users\\User\\Desktop\\NiamhProject2\\NiamhProject2\\NiamhProject\\NiamhProject\\client\\app\\components\\Forms\\EmailBox.js","statementMap":{"0":{"start":{"line":11,"column":15},"end":{"line":95,"column":2}},"1":{"start":{"line":14,"column":4},"end":{"line":14,"column":30}},"2":{"start":{"line":18,"column":4},"end":{"line":49,"column":5}},"3":{"start":{"line":19,"column":6},"end":{"line":19,"column":45}},"4":{"start":{"line":22,"column":6},"end":{"line":38,"column":24}},"5":{"start":{"line":28,"column":10},"end":{"line":31,"column":11}},"6":{"start":{"line":29,"column":12},"end":{"line":29,"column":72}},"7":{"start":{"line":30,"column":12},"end":{"line":30,"column":36}},"8":{"start":{"line":33,"column":10},"end":{"line":36,"column":11}},"9":{"start":{"line":34,"column":12},"end":{"line":34,"column":58}},"10":{"start":{"line":35,"column":12},"end":{"line":35,"column":79}},"11":{"start":{"line":40,"column":23},"end":{"line":44,"column":7}},"12":{"start":{"line":46,"column":6},"end":{"line":46,"column":35}},"13":{"start":{"line":47,"column":6},"end":{"line":47,"column":34}},"14":{"start":{"line":52,"column":4},"end":{"line":52,"column":21}},"15":{"start":{"line":53,"column":4},"end":{"line":53,"column":37}},"16":{"start":{"line":57,"column":23},"end":{"line":60,"column":5}},"17":{"start":{"line":61,"column":18},"end":{"line":66,"column":5}},"18":{"start":{"line":68,"column":4},"end":{"line":92,"column":6}}},"fnMap":{"0":{"name":"(anonymous_0)","decl":{"start":{"line":13,"column":19},"end":{"line":13,"column":20}},"loc":{"start":{"line":13,"column":29},"end":{"line":15,"column":3}},"line":13},"1":{"name":"(anonymous_1)","decl":{"start":{"line":17,"column":12},"end":{"line":17,"column":13}},"loc":{"start":{"line":17,"column":24},"end":{"line":50,"column":3}},"line":17},"2":{"name":"(anonymous_2)","decl":{"start":{"line":27,"column":14},"end":{"line":27,"column":15}},"loc":{"start":{"line":27,"column":22},"end":{"line":37,"column":9}},"line":27},"3":{"name":"(anonymous_3)","decl":{"start":{"line":51,"column":12},"end":{"line":51,"column":13}},"loc":{"start":{"line":51,"column":25},"end":{"line":54,"column":3}},"line":51},"4":{"name":"(anonymous_4)","decl":{"start":{"line":56,"column":10},"end":{"line":56,"column":11}},"loc":{"start":{"line":56,"column":21},"end":{"line":93,"column":3}},"line":56}},"branchMap":{"0":{"loc":{"start":{"line":18,"column":4},"end":{"line":49,"column":5}},"type":"if","locations":[{"start":{"line":18,"column":4},"end":{"line":49,"column":5}},{"start":{"line":18,"column":4},"end":{"line":49,"column":5}}],"line":18},"1":{"loc":{"start":{"line":28,"column":10},"end":{"line":31,"column":11}},"type":"if","locations":[{"start":{"line":28,"column":10},"end":{"line":31,"column":11}},{"start":{"line":28,"column":10},"end":{"line":31,"column":11}}],"line":28},"2":{"loc":{"start":{"line":33,"column":10},"end":{"line":36,"column":11}},"type":"if","locations":[{"start":{"line":33,"column":10},"end":{"line":36,"column":11}},{"start":{"line":33,"column":10},"end":{"line":36,"column":11}}],"line":33},"3":{"loc":{"start":{"line":59,"column":18},"end":{"line":59,"column":61}},"type":"cond-expr","locations":[{"start":{"line":59,"column":41},"end":{"line":59,"column":50}},{"start":{"line":59,"column":53},"end":{"line":59,"column":61}}],"line":59}},"s":{"0":1,"1":1,"2":0,"3":0,"4":0,"5":0,"6":0,"7":0,"8":0,"9":0,"10":0,"11":0,"12":0,"13":0,"14":0,"15":0,"16":1,"17":1,"18":1},"f":{"0":1,"1":0,"2":0,"3":0,"4":1},"b":{"0":[0,0],"1":[0,0],"2":[0,0],"3":[0,1]},"_coverageSchema":"332fd63041d2c1bcb487cc26dd0d5f7d97098a6c","hash":"9b2eb12790bc90c5527d6a968aa51280507fd79e"}
,"C:\\Users\\User\\Desktop\\NiamhProject2\\NiamhProject2\\NiamhProject\\NiamhProject\\client\\app\\components\\Forms\\EmailField.js": {"path":"C:\\Users\\User\\Desktop\\NiamhProject2\\NiamhProject2\\NiamhProject\\NiamhProject\\client\\app\\components\\Forms\\EmailField.js","statementMap":{"0":{"start":{"line":6,"column":17},"end":{"line":46,"column":2}},"1":{"start":{"line":9,"column":4},"end":{"line":12,"column":6}},"2":{"start":{"line":16,"column":4},"end":{"line":26,"column":5}},"3":{"start":{"line":17,"column":6},"end":{"line":20,"column":9}},"4":{"start":{"line":22,"column":6},"end":{"line":25,"column":9}},"5":{"start":{"line":30,"column":4},"end":{"line":33,"column":7}},"6":{"start":{"line":37,"column":20},"end":{"line":37,"column":76}},"7":{"start":{"line":38,"column":4},"end":{"line":43,"column":6}}},"fnMap":{"0":{"name":"(anonymous_0)","decl":{"start":{"line":8,"column":19},"end":{"line":8,"column":20}},"loc":{"start":{"line":8,"column":30},"end":{"line":13,"column":3}},"line":8},"1":{"name":"(anonymous_1)","decl":{"start":{"line":15,"column":12},"end":{"line":15,"column":13}},"loc":{"start":{"line":15,"column":24},"end":{"line":27,"column":3}},"line":15},"2":{"name":"(anonymous_2)","decl":{"start":{"line":29,"column":9},"end":{"line":29,"column":10}},"loc":{"start":{"line":29,"column":20},"end":{"line":34,"column":3}},"line":29},"3":{"name":"(anonymous_3)","decl":{"start":{"line":36,"column":10},"end":{"line":36,"column":11}},"loc":{"start":{"line":36,"column":21},"end":{"line":44,"column":3}},"line":36}},"branchMap":{"0":{"loc":{"start":{"line":16,"column":4},"end":{"line":26,"column":5}},"type":"if","locations":[{"start":{"line":16,"column":4},"end":{"line":26,"column":5}},{"start":{"line":16,"column":4},"end":{"line":26,"column":5}}],"line":16},"1":{"loc":{"start":{"line":37,"column":20},"end":{"line":37,"column":76}},"type":"cond-expr","locations":[{"start":{"line":37,"column":39},"end":{"line":37,"column":51}},{"start":{"line":37,"column":54},"end":{"line":37,"column":76}}],"line":37}},"s":{"0":1,"1":0,"2":0,"3":0,"4":0,"5":0,"6":0,"7":0},"f":{"0":0,"1":0,"2":0,"3":0},"b":{"0":[0,0],"1":[0,0]},"_coverageSchema":"332fd63041d2c1bcb487cc26dd0d5f7d97098a6c","hash":"b71b5b88234d69c9b831a74b18cdf66c3b3d3f34"}
,"C:\\Users\\User\\Desktop\\NiamhProject2\\NiamhProject2\\NiamhProject\\NiamhProject\\client\\app\\components\\Forms\\NameField.js": {"path":"C:\\Users\\User\\Desktop\\NiamhProject2\\NiamhProject2\\NiamhProject\\NiamhProject\\client\\app\\components\\Forms\\NameField.js","statementMap":{"0":{"start":{"line":3,"column":23},"end":{"line":3,"column":52}},"1":{"start":{"line":4,"column":12},"end":{"line":4,"column":28}},"2":{"start":{"line":6,"column":16},"end":{"line":35,"column":2}},"3":{"start":{"line":9,"column":4},"end":{"line":11,"column":6}},"4":{"start":{"line":15,"column":4},"end":{"line":17,"column":7}},"5":{"start":{"line":21,"column":4},"end":{"line":23,"column":7}},"6":{"start":{"line":27,"column":4},"end":{"line":32,"column":6}}},"fnMap":{"0":{"name":"(anonymous_0)","decl":{"start":{"line":8,"column":19},"end":{"line":8,"column":20}},"loc":{"start":{"line":8,"column":30},"end":{"line":12,"column":3}},"line":8},"1":{"name":"(anonymous_1)","decl":{"start":{"line":14,"column":9},"end":{"line":14,"column":10}},"loc":{"start":{"line":14,"column":20},"end":{"line":18,"column":3}},"line":14},"2":{"name":"(anonymous_2)","decl":{"start":{"line":20,"column":12},"end":{"line":20,"column":13}},"loc":{"start":{"line":20,"column":24},"end":{"line":24,"column":3}},"line":20},"3":{"name":"(anonymous_3)","decl":{"start":{"line":26,"column":10},"end":{"line":26,"column":11}},"loc":{"start":{"line":26,"column":21},"end":{"line":33,"column":3}},"line":26}},"branchMap":{},"s":{"0":1,"1":1,"2":1,"3":0,"4":0,"5":0,"6":0},"f":{"0":0,"1":0,"2":0,"3":0},"b":{},"_coverageSchema":"332fd63041d2c1bcb487cc26dd0d5f7d97098a6c","hash":"243e258b6a171ac8c073d4e6ccd5110769bc2e2e"}
,"C:\\Users\\User\\Desktop\\NiamhProject2\\NiamhProject2\\NiamhProject\\NiamhProject\\client\\app\\components\\Home\\Home.js": {"path":"C:\\Users\\User\\Desktop\\NiamhProject2\\NiamhProject2\\NiamhProject\\NiamhProject\\client\\app\\components\\Home\\Home.js","statementMap":{"0":{"start":{"line":10,"column":20},"end":{"line":16,"column":5}},"1":{"start":{"line":19,"column":16},"end":{"line":21,"column":5}},"2":{"start":{"line":23,"column":6},"end":{"line":56,"column":8}}},"fnMap":{"0":{"name":"(anonymous_0)","decl":{"start":{"line":9,"column":2},"end":{"line":9,"column":3}},"loc":{"start":{"line":9,"column":11},"end":{"line":57,"column":5}},"line":9}},"branchMap":{},"s":{"0":1,"1":1,"2":1},"f":{"0":1},"b":{},"_coverageSchema":"332fd63041d2c1bcb487cc26dd0d5f7d97098a6c","hash":"e7c29f12d923c5b530618be8f1e67ec6ebe0a233"}
,"C:\\Users\\User\\Desktop\\NiamhProject2\\NiamhProject2\\NiamhProject\\NiamhProject\\client\\app\\components\\Login\\Login.js": {"path":"C:\\Users\\User\\Desktop\\NiamhProject2\\NiamhProject2\\NiamhProject\\NiamhProject\\client\\app\\components\\Login\\Login.js","statementMap":{"0":{"start":{"line":13,"column":4},"end":{"line":13,"column":17}},"1":{"start":{"line":14,"column":4},"end":{"line":20,"column":6}},"2":{"start":{"line":21,"column":6},"end":{"line":21,"column":83}},"3":{"start":{"line":22,"column":4},"end":{"line":22,"column":87}},"4":{"start":{"line":23,"column":4},"end":{"line":23,"column":45}},"5":{"start":{"line":24,"column":4},"end":{"line":24,"column":41}},"6":{"start":{"line":30,"column":4},"end":{"line":30,"column":23}},"7":{"start":{"line":31,"column":16},"end":{"line":31,"column":46}},"8":{"start":{"line":32,"column":4},"end":{"line":53,"column":5}},"9":{"start":{"line":33,"column":22},"end":{"line":33,"column":25}},"10":{"start":{"line":35,"column":6},"end":{"line":48,"column":11}},"11":{"start":{"line":36,"column":21},"end":{"line":36,"column":31}},"12":{"start":{"line":38,"column":10},"end":{"line":47,"column":11}},"13":{"start":{"line":39,"column":12},"end":{"line":42,"column":15}},"14":{"start":{"line":44,"column":12},"end":{"line":46,"column":15}},"15":{"start":{"line":50,"column":6},"end":{"line":52,"column":9}},"16":{"start":{"line":58,"column":4},"end":{"line":60,"column":7}},"17":{"start":{"line":63,"column":4},"end":{"line":66,"column":7}},"18":{"start":{"line":76,"column":8},"end":{"line":76,"column":18}},"19":{"start":{"line":77,"column":4},"end":{"line":79,"column":7}},"20":{"start":{"line":80,"column":4},"end":{"line":104,"column":9}},"21":{"start":{"line":89,"column":19},"end":{"line":89,"column":29}},"22":{"start":{"line":91,"column":8},"end":{"line":101,"column":9}},"23":{"start":{"line":92,"column":10},"end":{"line":92,"column":59}},"24":{"start":{"line":93,"column":10},"end":{"line":93,"column":46}},"25":{"start":{"line":94,"column":10},"end":{"line":100,"column":13}},"26":{"start":{"line":107,"column":4},"end":{"line":109,"column":7}},"27":{"start":{"line":110,"column":16},"end":{"line":110,"column":46}},"28":{"start":{"line":111,"column":4},"end":{"line":132,"column":5}},"29":{"start":{"line":112,"column":22},"end":{"line":112,"column":25}},"30":{"start":{"line":114,"column":6},"end":{"line":127,"column":11}},"31":{"start":{"line":115,"column":21},"end":{"line":115,"column":31}},"32":{"start":{"line":117,"column":10},"end":{"line":126,"column":11}},"33":{"start":{"line":118,"column":12},"end":{"line":121,"column":15}},"34":{"start":{"line":123,"column":12},"end":{"line":125,"column":15}},"35":{"start":{"line":129,"column":6},"end":{"line":131,"column":9}},"36":{"start":{"line":145,"column":8},"end":{"line":145,"column":18}},"37":{"start":{"line":147,"column":4},"end":{"line":149,"column":5}},"38":{"start":{"line":148,"column":6},"end":{"line":148,"column":45}},"39":{"start":{"line":150,"column":4},"end":{"line":195,"column":5}},"40":{"start":{"line":151,"column":6},"end":{"line":194,"column":8}},"41":{"start":{"line":196,"column":4},"end":{"line":206,"column":6}}},"fnMap":{"0":{"name":"(anonymous_0)","decl":{"start":{"line":12,"column":2},"end":{"line":12,"column":3}},"loc":{"start":{"line":12,"column":20},"end":{"line":26,"column":3}},"line":12},"1":{"name":"(anonymous_1)","decl":{"start":{"line":29,"column":2},"end":{"line":29,"column":3}},"loc":{"start":{"line":29,"column":22},"end":{"line":54,"column":3}},"line":29},"2":{"name":"(anonymous_2)","decl":{"start":{"line":36,"column":14},"end":{"line":36,"column":15}},"loc":{"start":{"line":36,"column":21},"end":{"line":36,"column":31}},"line":36},"3":{"name":"(anonymous_3)","decl":{"start":{"line":37,"column":14},"end":{"line":37,"column":15}},"loc":{"start":{"line":37,"column":21},"end":{"line":48,"column":9}},"line":37},"4":{"name":"(anonymous_4)","decl":{"start":{"line":57,"column":2},"end":{"line":57,"column":3}},"loc":{"start":{"line":57,"column":35},"end":{"line":61,"column":3}},"line":57},"5":{"name":"(anonymous_5)","decl":{"start":{"line":62,"column":2},"end":{"line":62,"column":3}},"loc":{"start":{"line":62,"column":38},"end":{"line":67,"column":3}},"line":62},"6":{"name":"(anonymous_6)","decl":{"start":{"line":69,"column":2},"end":{"line":69,"column":3}},"loc":{"start":{"line":69,"column":12},"end":{"line":105,"column":3}},"line":69},"7":{"name":"(anonymous_7)","decl":{"start":{"line":89,"column":12},"end":{"line":89,"column":13}},"loc":{"start":{"line":89,"column":19},"end":{"line":89,"column":29}},"line":89},"8":{"name":"(anonymous_8)","decl":{"start":{"line":90,"column":12},"end":{"line":90,"column":13}},"loc":{"start":{"line":90,"column":20},"end":{"line":104,"column":7}},"line":90},"9":{"name":"(anonymous_9)","decl":{"start":{"line":106,"column":2},"end":{"line":106,"column":3}},"loc":{"start":{"line":106,"column":10},"end":{"line":133,"column":3}},"line":106},"10":{"name":"(anonymous_10)","decl":{"start":{"line":115,"column":14},"end":{"line":115,"column":15}},"loc":{"start":{"line":115,"column":21},"end":{"line":115,"column":31}},"line":115},"11":{"name":"(anonymous_11)","decl":{"start":{"line":116,"column":14},"end":{"line":116,"column":15}},"loc":{"start":{"line":116,"column":21},"end":{"line":127,"column":9}},"line":116},"12":{"name":"(anonymous_12)","decl":{"start":{"line":136,"column":2},"end":{"line":136,"column":3}},"loc":{"start":{"line":136,"column":11},"end":{"line":207,"column":3}},"line":136}},"branchMap":{"0":{"loc":{"start":{"line":32,"column":4},"end":{"line":53,"column":5}},"type":"if","locations":[{"start":{"line":32,"column":4},"end":{"line":53,"column":5}},{"start":{"line":32,"column":4},"end":{"line":53,"column":5}}],"line":32},"1":{"loc":{"start":{"line":32,"column":7},"end":{"line":32,"column":23}},"type":"binary-expr","locations":[{"start":{"line":32,"column":7},"end":{"line":32,"column":10}},{"start":{"line":32,"column":14},"end":{"line":32,"column":23}}],"line":32},"2":{"loc":{"start":{"line":38,"column":10},"end":{"line":47,"column":11}},"type":"if","locations":[{"start":{"line":38,"column":10},"end":{"line":47,"column":11}},{"start":{"line":38,"column":10},"end":{"line":47,"column":11}}],"line":38},"3":{"loc":{"start":{"line":91,"column":8},"end":{"line":101,"column":9}},"type":"if","locations":[{"start":{"line":91,"column":8},"end":{"line":101,"column":9}},{"start":{"line":91,"column":8},"end":{"line":101,"column":9}}],"line":91},"4":{"loc":{"start":{"line":111,"column":4},"end":{"line":132,"column":5}},"type":"if","locations":[{"start":{"line":111,"column":4},"end":{"line":132,"column":5}},{"start":{"line":111,"column":4},"end":{"line":132,"column":5}}],"line":111},"5":{"loc":{"start":{"line":111,"column":7},"end":{"line":111,"column":23}},"type":"binary-expr","locations":[{"start":{"line":111,"column":7},"end":{"line":111,"column":10}},{"start":{"line":111,"column":14},"end":{"line":111,"column":23}}],"line":111},"6":{"loc":{"start":{"line":117,"column":10},"end":{"line":126,"column":11}},"type":"if","locations":[{"start":{"line":117,"column":10},"end":{"line":126,"column":11}},{"start":{"line":117,"column":10},"end":{"line":126,"column":11}}],"line":117},"7":{"loc":{"start":{"line":147,"column":4},"end":{"line":149,"column":5}},"type":"if","locations":[{"start":{"line":147,"column":4},"end":{"line":149,"column":5}},{"start":{"line":147,"column":4},"end":{"line":149,"column":5}}],"line":147},"8":{"loc":{"start":{"line":150,"column":4},"end":{"line":195,"column":5}},"type":"if","locations":[{"start":{"line":150,"column":4},"end":{"line":195,"column":5}},{"start":{"line":150,"column":4},"end":{"line":195,"column":5}}],"line":150},"9":{"loc":{"start":{"line":169,"column":18},"end":{"line":169,"column":72}},"type":"cond-expr","locations":[{"start":{"line":169,"column":31},"end":{"line":169,"column":65}},{"start":{"line":169,"column":68},"end":{"line":169,"column":72}}],"line":169},"10":{"loc":{"start":{"line":183,"column":18},"end":{"line":183,"column":78}},"type":"cond-expr","locations":[{"start":{"line":183,"column":34},"end":{"line":183,"column":71}},{"start":{"line":183,"column":74},"end":{"line":183,"column":78}}],"line":183}},"s":{"0":5,"1":5,"2":5,"3":5,"4":5,"5":5,"6":5,"7":5,"8":5,"9":0,"10":0,"11":0,"12":0,"13":0,"14":0,"15":5,"16":0,"17":0,"18":0,"19":0,"20":0,"21":0,"22":0,"23":0,"24":0,"25":0,"26":0,"27":0,"28":0,"29":0,"30":0,"31":0,"32":0,"33":0,"34":0,"35":0,"36":10,"37":10,"38":0,"39":10,"40":10,"41":0},"f":{"0":5,"1":5,"2":0,"3":0,"4":0,"5":0,"6":0,"7":0,"8":0,"9":0,"10":0,"11":0,"12":10},"b":{"0":[0,5],"1":[5,0],"2":[0,0],"3":[0,0],"4":[0,0],"5":[0,0],"6":[0,0],"7":[0,10],"8":[10,0],"9":[0,10],"10":[0,10]},"_coverageSchema":"332fd63041d2c1bcb487cc26dd0d5f7d97098a6c","hash":"e4db28edc9e2647efa61ed98a1f45c802c4e70d4"}
,"C:\\Users\\User\\Desktop\\NiamhProject2\\NiamhProject2\\NiamhProject\\NiamhProject\\client\\app\\utils\\storage.js": {"path":"C:\\Users\\User\\Desktop\\NiamhProject2\\NiamhProject2\\NiamhProject\\NiamhProject\\client\\app\\utils\\storage.js","statementMap":{"0":{"start":{"line":2,"column":4},"end":{"line":4,"column":5}},"1":{"start":{"line":3,"column":6},"end":{"line":3,"column":18}},"2":{"start":{"line":6,"column":0},"end":{"line":16,"column":5}},"3":{"start":{"line":7,"column":19},"end":{"line":7,"column":44}},"4":{"start":{"line":8,"column":2},"end":{"line":10,"column":3}},"5":{"start":{"line":9,"column":4},"end":{"line":9,"column":32}},"6":{"start":{"line":11,"column":2},"end":{"line":11,"column":14}},"7":{"start":{"line":15,"column":5},"end":{"line":15,"column":17}},"8":{"start":{"line":20,"column":2},"end":{"line":22,"column":3}},"9":{"start":{"line":21,"column":4},"end":{"line":21,"column":39}},"10":{"start":{"line":23,"column":0},"end":{"line":29,"column":1}},"11":{"start":{"line":24,"column":4},"end":{"line":24,"column":50}},"12":{"start":{"line":26,"column":4},"end":{"line":26,"column":23}}},"fnMap":{"0":{"name":"getFromStorage","decl":{"start":{"line":1,"column":16},"end":{"line":1,"column":30}},"loc":{"start":{"line":1,"column":35},"end":{"line":17,"column":3}},"line":1},"1":{"name":"setInStorage","decl":{"start":{"line":19,"column":18},"end":{"line":19,"column":30}},"loc":{"start":{"line":19,"column":39},"end":{"line":32,"column":3}},"line":19}},"branchMap":{"0":{"loc":{"start":{"line":2,"column":4},"end":{"line":4,"column":5}},"type":"if","locations":[{"start":{"line":2,"column":4},"end":{"line":4,"column":5}},{"start":{"line":2,"column":4},"end":{"line":4,"column":5}}],"line":2},"1":{"loc":{"start":{"line":8,"column":2},"end":{"line":10,"column":3}},"type":"if","locations":[{"start":{"line":8,"column":2},"end":{"line":10,"column":3}},{"start":{"line":8,"column":2},"end":{"line":10,"column":3}}],"line":8},"2":{"loc":{"start":{"line":20,"column":2},"end":{"line":22,"column":3}},"type":"if","locations":[{"start":{"line":20,"column":2},"end":{"line":22,"column":3}},{"start":{"line":20,"column":2},"end":{"line":22,"column":3}}],"line":20}},"s":{"0":7,"1":0,"2":7,"3":7,"4":0,"5":0,"6":0,"7":7,"8":0,"9":0,"10":0,"11":0,"12":0},"f":{"0":7,"1":0},"b":{"0":[0,7],"1":[0,0],"2":[0,0]},"_coverageSchema":"332fd63041d2c1bcb487cc26dd0d5f7d97098a6c","hash":"5e4b88237a4cdc1edded41f7e4a45de6de379388"}
,"C:\\Users\\User\\Desktop\\NiamhProject2\\NiamhProject2\\NiamhProject\\NiamhProject\\config\\setupTests.js": {"path":"C:\\Users\\User\\Desktop\\NiamhProject2\\NiamhProject2\\NiamhProject\\NiamhProject\\config\\setupTests.js","statementMap":{"0":{"start":{"line":4,"column":0},"end":{"line":4,"column":36}}},"fnMap":{},"branchMap":{},"s":{"0":8},"f":{},"b":{},"_coverageSchema":"332fd63041d2c1bcb487cc26dd0d5f7d97098a6c","hash":"a1250476282b17bb18341b00486e3ba504c79f7a"}
}
